# JRE version: Java(TM) SE Runtime Environment (8.0_111-b14) (build 1.8.0_111-b14)
# Java VM: Java HotSpot(TM) 64-Bit Server VM (25.111-b14 mixed mode windows-amd64 compressed oops)
Heap:
 PSYoungGen      total 226816K, used 84458K [0x00000000d5f00000, 0x00000000e5500000, 0x0000000100000000)
  eden space 209920K, 32% used [0x00000000d5f00000,0x00000000da0fb168,0x00000000e2c00000)
  from space 16896K, 99% used [0x00000000e4200000,0x00000000e527f6e0,0x00000000e5280000)
  to   space 20992K, 0% used [0x00000000e2c00000,0x00000000e2c00000,0x00000000e4080000)
 ParOldGen       total 50176K, used 18823K [0x0000000081c00000, 0x0000000084d00000, 0x00000000d5f00000)
  object space 50176K, 37% used [0x0000000081c00000,0x0000000082e61c60,0x0000000084d00000)
 Metaspace       used 34027K, capacity 35354K, committed 35496K, reserved 1079296K
  class space    used 4534K, capacity 4787K, committed 4864K, reserved 1048576K
GC Heap History (10 events):
Event: 10.329 GC heap before
{Heap before GC invocations=5 (full 1):
 PSYoungGen      total 71680K, used 5112K [0x00000000d5f00000, 0x00000000daa00000, 0x0000000100000000)
  eden space 66560K, 0% used [0x00000000d5f00000,0x00000000d5f00000,0x00000000da000000)
  from space 5120K, 99% used [0x00000000da500000,0x00000000da9fe010,0x00000000daa00000)
  to   space 5120K, 0% used [0x00000000da000000,0x00000000da000000,0x00000000da500000)
 ParOldGen       total 87552K, used 7535K [0x0000000081c00000, 0x0000000087180000, 0x00000000d5f00000)
  object space 87552K, 8% used [0x0000000081c00000,0x000000008235bcd8,0x0000000087180000)
 Metaspace       used 20626K, capacity 21214K, committed 21296K, reserved 1067008K
  class space    used 2739K, capacity 2913K, committed 2944K, reserved 1048576K
Event: 10.455 GC heap after
Heap after GC invocations=5 (full 1):
 PSYoungGen      total 71680K, used 0K [0x00000000d5f00000, 0x00000000daa00000, 0x0000000100000000)
  eden space 66560K, 0% used [0x00000000d5f00000,0x00000000d5f00000,0x00000000da000000)
  from space 5120K, 0% used [0x00000000da500000,0x00000000da500000,0x00000000daa00000)
  to   space 5120K, 0% used [0x00000000da000000,0x00000000da000000,0x00000000da500000)
 ParOldGen       total 50176K, used 7570K [0x0000000081c00000, 0x0000000084d00000, 0x00000000d5f00000)
  object space 50176K, 15% used [0x0000000081c00000,0x0000000082364850,0x0000000084d00000)
 Metaspace       used 20626K, capacity 21214K, committed 21296K, reserved 1067008K
  class space    used 2739K, capacity 2913K, committed 2944K, reserved 1048576K
}
Event: 11.682 GC heap before
{Heap before GC invocations=6 (full 1):
 PSYoungGen      total 71680K, used 66560K [0x00000000d5f00000, 0x00000000daa00000, 0x0000000100000000)
  eden space 66560K, 100% used [0x00000000d5f00000,0x00000000da000000,0x00000000da000000)
  from space 5120K, 0% used [0x00000000da500000,0x00000000da500000,0x00000000daa00000)
  to   space 5120K, 0% used [0x00000000da000000,0x00000000da000000,0x00000000da500000)
 ParOldGen       total 50176K, used 7570K [0x0000000081c00000, 0x0000000084d00000, 0x00000000d5f00000)
  object space 50176K, 15% used [0x0000000081c00000,0x0000000082364850,0x0000000084d00000)
 Metaspace       used 22507K, capacity 23176K, committed 23424K, reserved 1069056K
  class space    used 2953K, capacity 3160K, committed 3200K, reserved 1048576K
Event: 11.705 GC heap after
Heap after GC invocations=6 (full 1):
 PSYoungGen      total 71680K, used 4964K [0x00000000d5f00000, 0x00000000dea80000, 0x0000000100000000)
  eden space 66560K, 0% used [0x00000000d5f00000,0x00000000d5f00000,0x00000000da000000)
  from space 5120K, 96% used [0x00000000da000000,0x00000000da4d91f8,0x00000000da500000)
  to   space 9728K, 0% used [0x00000000de100000,0x00000000de100000,0x00000000dea80000)
 ParOldGen       total 50176K, used 7642K [0x0000000081c00000, 0x0000000084d00000, 0x00000000d5f00000)
  object space 50176K, 15% used [0x0000000081c00000,0x0000000082376860,0x0000000084d00000)
 Metaspace       used 22507K, capacity 23176K, committed 23424K, reserved 1069056K
  class space    used 2953K, capacity 3160K, committed 3200K, reserved 1048576K
}
Event: 14.533 GC heap before
{Heap before GC invocations=7 (full 1):
 PSYoungGen      total 71680K, used 71524K [0x00000000d5f00000, 0x00000000dea80000, 0x0000000100000000)
  eden space 66560K, 100% used [0x00000000d5f00000,0x00000000da000000,0x00000000da000000)
  from space 5120K, 96% used [0x00000000da000000,0x00000000da4d91f8,0x00000000da500000)
  to   space 9728K, 0% used [0x00000000de100000,0x00000000de100000,0x00000000dea80000)
 ParOldGen       total 50176K, used 7642K [0x0000000081c00000, 0x0000000084d00000, 0x00000000d5f00000)
  object space 50176K, 15% used [0x0000000081c00000,0x0000000082376860,0x0000000084d00000)
 Metaspace       used 22690K, capacity 23386K, committed 23424K, reserved 1069056K
  class space    used 2985K, capacity 3163K, committed 3200K, reserved 1048576K
Event: 14.551 GC heap after
Heap after GC invocations=7 (full 1):
 PSYoungGen      total 130560K, used 9704K [0x00000000d5f00000, 0x00000000ded00000, 0x0000000100000000)
  eden space 120832K, 0% used [0x00000000d5f00000,0x00000000d5f00000,0x00000000dd500000)
  from space 9728K, 99% used [0x00000000de100000,0x00000000dea7a038,0x00000000dea80000)
  to   space 12288K, 0% used [0x00000000dd500000,0x00000000dd500000,0x00000000de100000)
 ParOldGen       total 50176K, used 9556K [0x0000000081c00000, 0x0000000084d00000, 0x00000000d5f00000)
  object space 50176K, 19% used [0x0000000081c00000,0x0000000082555050,0x0000000084d00000)
 Metaspace       used 22690K, capacity 23386K, committed 23424K, reserved 1069056K
  class space    used 2985K, capacity 3163K, committed 3200K, reserved 1048576K
}
Event: 17.554 GC heap before
{Heap before GC invocations=8 (full 1):
 PSYoungGen      total 130560K, used 130536K [0x00000000d5f00000, 0x00000000ded00000, 0x0000000100000000)
  eden space 120832K, 100% used [0x00000000d5f00000,0x00000000dd500000,0x00000000dd500000)
  from space 9728K, 99% used [0x00000000de100000,0x00000000dea7a038,0x00000000dea80000)
  to   space 12288K, 0% used [0x00000000dd500000,0x00000000dd500000,0x00000000de100000)
 ParOldGen       total 50176K, used 9556K [0x0000000081c00000, 0x0000000084d00000, 0x00000000d5f00000)
  object space 50176K, 19% used [0x0000000081c00000,0x0000000082555050,0x0000000084d00000)
 Metaspace       used 26942K, capacity 27842K, committed 27904K, reserved 1073152K
  class space    used 3599K, capacity 3823K, committed 3840K, reserved 1048576K
Event: 17.601 GC heap after
Heap after GC invocations=8 (full 1):
 PSYoungGen      total 133120K, used 12264K [0x00000000d5f00000, 0x00000000e5280000, 0x0000000100000000)
  eden space 120832K, 0% used [0x00000000d5f00000,0x00000000d5f00000,0x00000000dd500000)
  from space 12288K, 99% used [0x00000000dd500000,0x00000000de0fa300,0x00000000de100000)
  to   space 16896K, 0% used [0x00000000e4200000,0x00000000e4200000,0x00000000e5280000)
 ParOldGen       total 50176K, used 14859K [0x0000000081c00000, 0x0000000084d00000, 0x00000000d5f00000)
  object space 50176K, 29% used [0x0000000081c00000,0x0000000082a82f48,0x0000000084d00000)
 Metaspace       used 26942K, capacity 27842K, committed 27904K, reserved 1073152K
  class space    used 3599K, capacity 3823K, committed 3840K, reserved 1048576K
}
Event: 21.548 GC heap before
{Heap before GC invocations=9 (full 1):
 PSYoungGen      total 133120K, used 133096K [0x00000000d5f00000, 0x00000000e5280000, 0x0000000100000000)
  eden space 120832K, 100% used [0x00000000d5f00000,0x00000000dd500000,0x00000000dd500000)
  from space 12288K, 99% used [0x00000000dd500000,0x00000000de0fa300,0x00000000de100000)
  to   space 16896K, 0% used [0x00000000e4200000,0x00000000e4200000,0x00000000e5280000)
 ParOldGen       total 50176K, used 14859K [0x0000000081c00000, 0x0000000084d00000, 0x00000000d5f00000)
  object space 50176K, 29% used [0x0000000081c00000,0x0000000082a82f48,0x0000000084d00000)
 Metaspace       used 33805K, capacity 35144K, committed 35328K, reserved 1079296K
  class space    used 4518K, capacity 4784K, committed 4864K, reserved 1048576K
Event: 21.571 GC heap after
Heap after GC invocations=9 (full 1):
 PSYoungGen      total 226816K, used 16893K [0x00000000d5f00000, 0x00000000e5500000, 0x0000000100000000)
  eden space 209920K, 0% used [0x00000000d5f00000,0x00000000d5f00000,0x00000000e2c00000)
  from space 16896K, 99% used [0x00000000e4200000,0x00000000e527f6e0,0x00000000e5280000)
  to   space 20992K, 0% used [0x00000000e2c00000,0x00000000e2c00000,0x00000000e4080000)
 ParOldGen       total 50176K, used 18823K [0x0000000081c00000, 0x0000000084d00000, 0x00000000d5f00000)
  object space 50176K, 37% used [0x0000000081c00000,0x0000000082e61c60,0x0000000084d00000)
 Metaspace       used 33805K, capacity 35144K, committed 35328K, reserved 1079296K
  class space    used 4518K, capacity 4784K, committed 4864K, reserved 1048576K
}

